2015-11-01 16:50:34 ERROR TimeConverterImp:72 - Format not ok
2015-11-01 16:50:34 INFO  TimeConverterImp:68 - 
O
OOOO
OOOO
OOOOOOOOOOO
OOOO
2015-11-01 16:50:34 INFO  TimeConverterImp:68 - 
Y
RRRR
RRRO
YYRYYRYYRYY
YYYY
2015-11-01 16:50:34 ERROR TimeConverterImp:72 - Format not ok
2015-11-01 16:50:34 INFO  TimeConverterImp:68 - 
OO
OOOOOOOOO
OOOOO
OOOOOOOOO
OOOOO
OOOOOOOOO
2015-11-01 16:51:00 INFO  TimeConverterImp:68 - 
O
OOOO
OOOO
OOOOOOOOOOO
OOOO
2015-11-01 16:51:00 INFO  TimeConverterImp:68 - 
O
RRRR
RRRR
OOOOOOOOOOO
OOOO
2015-11-01 16:51:00 INFO  TimeConverterImp:68 - 
Y
OOOO
ROOO
OOOOOOOOOOO
YOOO
2015-11-01 16:51:00 INFO  TimeConverterImp:68 - 
O
RRRR
RROO
YYRYYRYYRYY
YYYY
2015-11-01 16:51:00 INFO  TimeConverterImp:68 - 
Y
RROO
OOOO
YYRYYROOOOO
YOOO
2015-11-01 16:51:00 INFO  TimeConverterImp:68 - 
Y
RRRR
RRRO
YYRYYRYYRYY
YYYY
2015-11-01 16:51:00 ERROR TimeConverterImp:72 - Format not ok
2015-11-01 16:51:00 ERROR TimeConverterImp:72 - Format not ok
2015-11-01 16:51:00 ERROR TimeConverterImp:72 - Format not ok
2015-11-01 16:51:00 ERROR TimeConverterImp:72 - Format not ok
2015-11-01 16:51:00 ERROR TimeConverterImp:72 - Format not ok
2015-11-01 16:51:00 ERROR TimeConverterImp:72 - Format not ok
2015-11-01 16:51:00 ERROR TimeConverterImp:72 - Format not ok
2015-11-01 16:51:18 INFO  TimeConverterImp:68 - 
OO
OOOOOOOOO
OOOOO
OOOOOOOOO
OOOOO
OOOOOOOOO
2015-11-01 16:51:18 INFO  TimeConverterImp:68 - 
WW
WWWWOOOOO
OOOOO
OOOOOOOOO
OOOOO
OOOOOOOOO
2015-11-01 16:51:18 INFO  TimeConverterImp:68 - 
OO
WOOOOOOOO
OOOOO
WOOOOOOOO
OOOOO
WOOOOOOOO
2015-11-01 16:51:18 INFO  TimeConverterImp:68 - 
WW
WWOOOOOOO
WWWWW
WWWWWWWWW
WOOOO
WWOOOOOOO
2015-11-01 16:51:18 INFO  TimeConverterImp:68 - 
WO
OOOOOOOOO
WWWOO
WOOOOOOOO
OOOOO
WOOOOOOOO
2015-11-01 16:51:18 INFO  TimeConverterImp:68 - 
WW
WWWOOOOOO
WWWWW
WWWWWWWWW
WWWWW
WWWWWWWWW
2015-11-01 16:51:18 ERROR TimeConverterImp:72 - Format not ok
2015-11-01 16:51:18 ERROR TimeConverterImp:72 - Format not ok
2015-11-01 16:51:18 ERROR TimeConverterImp:72 - Format not ok
2015-11-01 16:51:18 ERROR TimeConverterImp:72 - Format not ok
2015-11-01 16:51:18 ERROR TimeConverterImp:72 - Format not ok
2015-11-01 16:51:18 ERROR TimeConverterImp:72 - Format not ok
2015-11-01 16:51:18 ERROR TimeConverterImp:72 - Format not ok
2015-11-01 16:51:56 INFO  TimeConverterImp:68 - 
OO
OOOOOOOOO
OOOOO
OOOOOOOOO
OOOOO
OOOOOOOOO
2015-11-01 16:51:56 INFO  TimeConverterImp:68 - 
WW
WWWWOOOOO
OOOOO
OOOOOOOOO
OOOOO
OOOOOOOOO
2015-11-01 16:51:56 INFO  TimeConverterImp:68 - 
OO
WOOOOOOOO
OOOOO
WOOOOOOOO
OOOOO
WOOOOOOOO
2015-11-01 16:51:56 INFO  TimeConverterImp:68 - 
WW
WWOOOOOOO
WWWWW
WWWWWWWWW
WOOOO
WWOOOOOOO
2015-11-01 16:51:56 INFO  TimeConverterImp:68 - 
WO
OOOOOOOOO
WWWOO
WOOOOOOOO
OOOOO
WOOOOOOOO
2015-11-01 16:51:56 INFO  TimeConverterImp:68 - 
WW
WWWOOOOOO
WWWWW
WWWWWWWWW
WWWWW
WWWWWWWWW
2015-11-01 16:51:56 ERROR TimeConverterImp:72 - Format not ok
2015-11-01 16:51:56 ERROR TimeConverterImp:72 - Format not ok
2015-11-01 16:51:56 ERROR TimeConverterImp:72 - Format not ok
2015-11-01 16:51:56 ERROR TimeConverterImp:72 - Format not ok
2015-11-01 16:51:56 ERROR TimeConverterImp:72 - Format not ok
2015-11-01 16:51:56 ERROR TimeConverterImp:72 - Format not ok
2015-11-01 16:51:56 ERROR TimeConverterImp:72 - Format not ok
2015-11-01 16:51:56 INFO  TimeConverterImp:68 - 
O
OOOO
OOOO
OOOOOOOOOOO
OOOO
2015-11-01 16:51:56 INFO  TimeConverterImp:68 - 
O
RRRR
RRRR
OOOOOOOOOOO
OOOO
2015-11-01 16:51:56 INFO  TimeConverterImp:68 - 
Y
OOOO
ROOO
OOOOOOOOOOO
YOOO
2015-11-01 16:51:56 INFO  TimeConverterImp:68 - 
O
RRRR
RROO
YYRYYRYYRYY
YYYY
2015-11-01 16:51:56 INFO  TimeConverterImp:68 - 
Y
RROO
OOOO
YYRYYROOOOO
YOOO
2015-11-01 16:51:56 INFO  TimeConverterImp:68 - 
Y
RRRR
RRRO
YYRYYRYYRYY
YYYY
2015-11-01 16:51:56 ERROR TimeConverterImp:72 - Format not ok
2015-11-01 16:51:56 ERROR TimeConverterImp:72 - Format not ok
2015-11-01 16:51:56 ERROR TimeConverterImp:72 - Format not ok
2015-11-01 16:51:56 ERROR TimeConverterImp:72 - Format not ok
2015-11-01 16:51:56 ERROR TimeConverterImp:72 - Format not ok
2015-11-01 16:51:56 ERROR TimeConverterImp:72 - Format not ok
2015-11-01 16:51:56 ERROR TimeConverterImp:72 - Format not ok
2015-11-01 16:55:18 INFO  TimeConverterImp:68 - 
OO
OOOOOOOOO
OOOOO
OOOOOOOOO
OOOOO
OOOOOOOOO
2015-11-01 16:55:18 INFO  TimeConverterImp:68 - 
WW
WWWWOOOOO
OOOOO
OOOOOOOOO
OOOOO
OOOOOOOOO
2015-11-01 16:55:18 INFO  TimeConverterImp:68 - 
OO
WOOOOOOOO
OOOOO
WOOOOOOOO
OOOOO
WOOOOOOOO
2015-11-01 16:55:18 INFO  TimeConverterImp:68 - 
WW
WWOOOOOOO
WWWWW
WWWWWWWWW
WOOOO
WWOOOOOOO
2015-11-01 16:55:18 INFO  TimeConverterImp:68 - 
WO
OOOOOOOOO
WWWOO
WOOOOOOOO
OOOOO
WOOOOOOOO
2015-11-01 16:55:18 INFO  TimeConverterImp:68 - 
WW
WWWOOOOOO
WWWWW
WWWWWWWWW
WWWWW
WWWWWWWWW
2015-11-01 16:55:18 ERROR TimeConverterImp:72 - Format not ok
2015-11-01 16:55:18 ERROR TimeConverterImp:72 - Format not ok
2015-11-01 16:55:18 ERROR TimeConverterImp:72 - Format not ok
2015-11-01 16:55:18 ERROR TimeConverterImp:72 - Format not ok
2015-11-01 16:55:18 ERROR TimeConverterImp:72 - Format not ok
2015-11-01 16:55:18 ERROR TimeConverterImp:72 - Format not ok
2015-11-01 16:55:18 ERROR TimeConverterImp:72 - Format not ok
2015-11-01 16:55:18 INFO  TimeConverterImp:68 - 
O
OOOO
OOOO
OOOOOOOOOOO
OOOO
2015-11-01 16:55:18 INFO  TimeConverterImp:68 - 
O
RRRR
RRRR
OOOOOOOOOOO
OOOO
2015-11-01 16:55:18 INFO  TimeConverterImp:68 - 
Y
OOOO
ROOO
OOOOOOOOOOO
YOOO
2015-11-01 16:55:18 INFO  TimeConverterImp:68 - 
O
RRRR
RROO
YYRYYRYYRYY
YYYY
2015-11-01 16:55:18 INFO  TimeConverterImp:68 - 
Y
RROO
OOOO
YYRYYROOOOO
YOOO
2015-11-01 16:55:18 INFO  TimeConverterImp:68 - 
Y
RRRR
RRRO
YYRYYRYYRYY
YYYY
2015-11-01 16:55:18 ERROR TimeConverterImp:72 - Format not ok
2015-11-01 16:55:18 ERROR TimeConverterImp:72 - Format not ok
2015-11-01 16:55:18 ERROR TimeConverterImp:72 - Format not ok
2015-11-01 16:55:18 ERROR TimeConverterImp:72 - Format not ok
2015-11-01 16:55:18 ERROR TimeConverterImp:72 - Format not ok
2015-11-01 16:55:18 ERROR TimeConverterImp:72 - Format not ok
2015-11-01 16:55:18 ERROR TimeConverterImp:72 - Format not ok
